2018-06-19 10:49:49.100  INFO 2700 --- [main] com.example.demo.DemoApplication         : Starting DemoApplication on ND67GBRMQCX5CIQ with PID 2700 (D:\workSpace\demo\out\production\classes started by Administrator in D:\workSpace\demo)
2018-06-19 10:49:49.101  INFO 2700 --- [main] com.example.demo.DemoApplication         : No active profile set, falling back to default profiles: default
2018-06-19 10:49:49.139  INFO 2700 --- [main] ationConfigEmbeddedWebApplicationContext : Refreshing org.springframework.boot.context.embedded.AnnotationConfigEmbeddedWebApplicationContext@18a70f16: startup date [Tue Jun 19 10:49:49 CST 2018]; root of context hierarchy
2018-06-19 10:49:50.002  INFO 2700 --- [main] s.b.c.e.t.TomcatEmbeddedServletContainer : Tomcat initialized with port(s): 8080 (http)
2018-06-19 10:49:50.019  INFO 2700 --- [main] o.apache.catalina.core.StandardService   : Starting service [Tomcat]
2018-06-19 10:49:50.019  INFO 2700 --- [main] org.apache.catalina.core.StandardEngine  : Starting Servlet Engine: Apache Tomcat/8.5.31
2018-06-19 10:49:50.104  INFO 2700 --- [localhost-startStop-1] o.a.c.c.C.[Tomcat].[localhost].[/]       : Initializing Spring embedded WebApplicationContext
2018-06-19 10:49:50.105  INFO 2700 --- [localhost-startStop-1] o.s.web.context.ContextLoader            : Root WebApplicationContext: initialization completed in 967 ms
2018-06-19 10:49:50.190  INFO 2700 --- [localhost-startStop-1] o.s.b.w.servlet.ServletRegistrationBean  : Mapping servlet: 'dispatcherServlet' to [/]
2018-06-19 10:49:50.193  INFO 2700 --- [localhost-startStop-1] o.s.b.w.servlet.FilterRegistrationBean   : Mapping filter: 'characterEncodingFilter' to: [/*]
2018-06-19 10:49:50.194  INFO 2700 --- [localhost-startStop-1] o.s.b.w.servlet.FilterRegistrationBean   : Mapping filter: 'hiddenHttpMethodFilter' to: [/*]
2018-06-19 10:49:50.194  INFO 2700 --- [localhost-startStop-1] o.s.b.w.servlet.FilterRegistrationBean   : Mapping filter: 'httpPutFormContentFilter' to: [/*]
2018-06-19 10:49:50.194  INFO 2700 --- [localhost-startStop-1] o.s.b.w.servlet.FilterRegistrationBean   : Mapping filter: 'requestContextFilter' to: [/*]
2018-06-19 10:49:50.406  INFO 2700 --- [main] s.w.s.m.m.a.RequestMappingHandlerAdapter : Looking for @ControllerAdvice: org.springframework.boot.context.embedded.AnnotationConfigEmbeddedWebApplicationContext@18a70f16: startup date [Tue Jun 19 10:49:49 CST 2018]; root of context hierarchy
2018-06-19 10:49:50.445  INFO 2700 --- [main] s.w.s.m.m.a.RequestMappingHandlerMapping : Mapped "{[/error]}" onto public org.springframework.http.ResponseEntity<java.util.Map<java.lang.String, java.lang.Object>> org.springframework.boot.autoconfigure.web.BasicErrorController.error(javax.servlet.http.HttpServletRequest)
2018-06-19 10:49:50.446  INFO 2700 --- [main] s.w.s.m.m.a.RequestMappingHandlerMapping : Mapped "{[/error],produces=[text/html]}" onto public org.springframework.web.servlet.ModelAndView org.springframework.boot.autoconfigure.web.BasicErrorController.errorHtml(javax.servlet.http.HttpServletRequest,javax.servlet.http.HttpServletResponse)
2018-06-19 10:49:50.467  INFO 2700 --- [main] o.s.w.s.handler.SimpleUrlHandlerMapping  : Mapped URL path [/webjars/**] onto handler of type [class org.springframework.web.servlet.resource.ResourceHttpRequestHandler]
2018-06-19 10:49:50.467  INFO 2700 --- [main] o.s.w.s.handler.SimpleUrlHandlerMapping  : Mapped URL path [/**] onto handler of type [class org.springframework.web.servlet.resource.ResourceHttpRequestHandler]
2018-06-19 10:49:50.491  INFO 2700 --- [main] o.s.w.s.handler.SimpleUrlHandlerMapping  : Mapped URL path [/**/favicon.ico] onto handler of type [class org.springframework.web.servlet.resource.ResourceHttpRequestHandler]
2018-06-19 10:49:50.588  INFO 2700 --- [main] o.s.j.e.a.AnnotationMBeanExporter        : Registering beans for JMX exposure on startup
2018-06-19 10:49:50.615  INFO 2700 --- [main] s.b.c.e.t.TomcatEmbeddedServletContainer : Tomcat started on port(s): 8080 (http)
2018-06-19 10:49:50.619  INFO 2700 --- [main] com.example.demo.DemoApplication         : Started DemoApplication in 1.784 seconds (JVM running for 2.336)
